<?xml version="1.0"?>
<testsuites>
  <testsuite name="PhantomJS 1.9.8 (Mac OS X)" package="" timestamp="2015-02-13T19:32:05" id="0" hostname="pickem.local" tests="77" errors="0" failures="0" time="0.308">
    <properties>
      <property name="browser.fullName" value="Mozilla/5.0 (Macintosh; PPC Mac OS X) AppleWebKit/534.34 (KHTML, like Gecko) PhantomJS/1.9.8 Safari/534.34"/>
    </properties>
    <testcase name="classes are set right" time="0.028" classname="PhantomJS 1.9.8 (Mac OS X).BarGraphDirective"/>
    <testcase name="getHeight returns % of 150px" time="0.006" classname="PhantomJS 1.9.8 (Mac OS X).BarGraphDirective"/>
    <testcase name="getHeight returns 1px if the choice does not have a count" time="0.016" classname="PhantomJS 1.9.8 (Mac OS X).BarGraphDirective"/>
    <testcase name="getWidth returns ((1 / total) - 2)%" time="0.011" classname="PhantomJS 1.9.8 (Mac OS X).BarGraphDirective"/>
    <testcase name="hide the bar graph if there are not any data points" time="0.011" classname="PhantomJS 1.9.8 (Mac OS X).BarGraphDirective"/>
    <testcase name="should set the input type to date" time="0.01" classname="PhantomJS 1.9.8 (Mac OS X).fss_directives_dateinput fssDateInput when the date input type is supported"/>
    <testcase name="should format the date in ISO format" time="0.003" classname="PhantomJS 1.9.8 (Mac OS X).fss_directives_dateinput fssDateInput when the date input type is supported"/>
    <testcase name="should parse user entry into a date" time="0.01" classname="PhantomJS 1.9.8 (Mac OS X).fss_directives_dateinput fssDateInput when the date input type is supported"/>
    <testcase name="should have a blank value if the model is null" time="0.003" classname="PhantomJS 1.9.8 (Mac OS X).fss_directives_dateinput fssDateInput when the date input type is supported"/>
    <testcase name="should set the input type to text" time="0.004" classname="PhantomJS 1.9.8 (Mac OS X).fss_directives_dateinput fssDateInput when the date input type is NOT supported"/>
    <testcase name="should format the date in MM/DD/YYYY format" time="0.003" classname="PhantomJS 1.9.8 (Mac OS X).fss_directives_dateinput fssDateInput when the date input type is NOT supported"/>
    <testcase name="should parse user entry into a date" time="0.004" classname="PhantomJS 1.9.8 (Mac OS X).fss_directives_dateinput fssDateInput when the date input type is NOT supported"/>
    <testcase name="should have a blank value if the model is null" time="0.003" classname="PhantomJS 1.9.8 (Mac OS X).fss_directives_dateinput fssDateInput when the date input type is NOT supported"/>
    <testcase name="should set the invalidDate error" time="0.006" classname="PhantomJS 1.9.8 (Mac OS X).fss_directives_dateinput fssDateInput when the date input type is NOT supported"/>
    <testcase name="should set dateInPast to invalid when the date is in the past" time="0.007" classname="PhantomJS 1.9.8 (Mac OS X).fss_directives_dateinput fssTodayOrLater"/>
    <testcase name="should set the date to the end of the day" time="0.005" classname="PhantomJS 1.9.8 (Mac OS X).fss_directives_dateinput fssEndOfDay"/>
    <testcase name="Test that a valid date in the text only field will populate the model with iso8601 date" time="0.01" classname="PhantomJS 1.9.8 (Mac OS X).dateshimspec"/>
    <testcase name="Test that datepicker field will populate the model with iso8601 date" time="0.006" classname="PhantomJS 1.9.8 (Mac OS X).dateshimspec"/>
    <testcase name="Test that date is set when focus is lost, for iPad date picker support" time="0.013" classname="PhantomJS 1.9.8 (Mac OS X).dateshimspec"/>
    <testcase name="Test that text only picker is shown when picker is not supported" time="0.006" classname="PhantomJS 1.9.8 (Mac OS X).dateshimspec"/>
    <testcase name="Test that date native picker is shown when supported" time="0.004" classname="PhantomJS 1.9.8 (Mac OS X).dateshimspec"/>
    <testcase name="native picker - verify that when the model contains an initial value it is set in the text field" time="0.005" classname="PhantomJS 1.9.8 (Mac OS X).dateshimspec"/>
    <testcase name="text picker - verify that when the model contains an initial value it is set in the text field" time="0.004" classname="PhantomJS 1.9.8 (Mac OS X).dateshimspec"/>
    <testcase name="validator for current date or later" time="0.012" classname="PhantomJS 1.9.8 (Mac OS X).dateshimspec"/>
    <testcase name="should execute the expression after the timeout" time="0.004" classname="PhantomJS 1.9.8 (Mac OS X).fss_directives_delayedchange fssDelayedChange"/>
    <testcase name="should only execute the expression once if changes happen within the delay time" time="0.004" classname="PhantomJS 1.9.8 (Mac OS X).fss_directives_delayedchange fssDelayedChange"/>
    <testcase name="should default to a 1000 ms delay" time="0.003" classname="PhantomJS 1.9.8 (Mac OS X).fss_directives_delayedchange fssDelayedChange"/>
    <testcase name="should set the delay when specified as an attribute" time="0.003" classname="PhantomJS 1.9.8 (Mac OS X).fss_directives_delayedchange fssDelayedChange"/>
    <testcase name="Test that submit event on the form will cause the active element to blur" time="0.002" classname="PhantomJS 1.9.8 (Mac OS X).hideKeyboardOnSubmit"/>
    <testcase name="should have three dots" time="0.007" classname="PhantomJS 1.9.8 (Mac OS X).fss_directives_fssloading in general"/>
    <testcase name="should have the text in the parent node" time="0.003" classname="PhantomJS 1.9.8 (Mac OS X).fss_directives_fssloading with the &quot;text&quot; attribute"/>
    <testcase name="sanitize function removes html from the passed argument" time="0.011" classname="PhantomJS 1.9.8 (Mac OS X).fss sanitize"/>
    <testcase name="sanitize removes script tag from the passed argument" time="0.002" classname="PhantomJS 1.9.8 (Mac OS X).fss sanitize"/>
    <testcase name="sanitize removes the style tag from passed argument" time="0.001" classname="PhantomJS 1.9.8 (Mac OS X).fss sanitize"/>
    <testcase name="Test that sanitize inserts into html when parsing succeeds" time="0.003" classname="PhantomJS 1.9.8 (Mac OS X).fss sanitize"/>
    <testcase name="Test that sanitize inserts escaped text when parsing fails" time="0.002" classname="PhantomJS 1.9.8 (Mac OS X).fss sanitize"/>
    <testcase name="should scroll to the element if &quot;scroll-on&quot; is true and if &quot;scroll-if&quot; is true" time="0.004" classname="PhantomJS 1.9.8 (Mac OS X).fss_directives_scrollto"/>
    <testcase name="length checking" time="0.001" classname="PhantomJS 1.9.8 (Mac OS X).truncate filter"/>
    <testcase name="ending checking" time="0.001" classname="PhantomJS 1.9.8 (Mac OS X).truncate filter"/>
    <testcase name="should initialize ga with the proper key for development" time="0.001" classname="PhantomJS 1.9.8 (Mac OS X).analytics suite Analytics with a valid google analytics object Analytics module initialization"/>
    <testcase name="should register page views correctly" time="0.001" classname="PhantomJS 1.9.8 (Mac OS X).analytics suite Analytics with a valid google analytics object Analytics tracking"/>
    <testcase name="should register page views correctly when no hash" time="0.005" classname="PhantomJS 1.9.8 (Mac OS X).analytics suite Analytics with a valid google analytics object Analytics tracking"/>
    <testcase name="should pass events on to the ga with the appropriate even tracking parameters" time="0.001" classname="PhantomJS 1.9.8 (Mac OS X).analytics suite Analytics with a valid google analytics object Analytics tracking"/>
    <testcase name="track page view should not blow up when ga is not enabled" time="0.001" classname="PhantomJS 1.9.8 (Mac OS X).analytics suite Enabling Google Analytics with invalid/unavailable google analytics object"/>
    <testcase name="track event should not blow up when ga is not enabled" time="0.001" classname="PhantomJS 1.9.8 (Mac OS X).analytics suite Enabling Google Analytics with invalid/unavailable google analytics object"/>
    <testcase name="track page view should not blow up when ga is not enabled" time="0.001" classname="PhantomJS 1.9.8 (Mac OS X).analytics suite Analytics without enabling Google Analytics"/>
    <testcase name="track event should not blow up when ga is not enabled" time="0" classname="PhantomJS 1.9.8 (Mac OS X).analytics suite Analytics without enabling Google Analytics"/>
    <testcase name="isValidDate verifies correct format of date" time="0.001" classname="PhantomJS 1.9.8 (Mac OS X).DateTimeServiceSpec"/>
    <testcase name="compareDates" time="0.001" classname="PhantomJS 1.9.8 (Mac OS X).DateTimeServiceSpec"/>
    <testcase name="parseDateISO8601" time="0.001" classname="PhantomJS 1.9.8 (Mac OS X).DateTimeServiceSpec"/>
    <testcase name="format date formats data correctly and pads with 0&apos;s" time="0.001" classname="PhantomJS 1.9.8 (Mac OS X).DateTimeServiceSpec"/>
    <testcase name="format date ISO8601 formats data correctly and pads with 0&apos;s" time="0.001" classname="PhantomJS 1.9.8 (Mac OS X).DateTimeServiceSpec"/>
    <testcase name="should return an empty object when there are no config parameters" time="0.003" classname="PhantomJS 1.9.8 (Mac OS X).fssApi FssApiEndpointHelper getQueryParams"/>
    <testcase name="should return an empty object when there are config parameters, but none are prefixed with ?" time="0.001" classname="PhantomJS 1.9.8 (Mac OS X).fssApi FssApiEndpointHelper getQueryParams"/>
    <testcase name="should return an object with the parameter set as null when the action argument is null" time="0.002" classname="PhantomJS 1.9.8 (Mac OS X).fssApi FssApiEndpointHelper getQueryParams"/>
    <testcase name="should remove properties for undefined action arguments" time="0.002" classname="PhantomJS 1.9.8 (Mac OS X).fssApi FssApiEndpointHelper getQueryParams"/>
    <testcase name="should create a query param for every configParameter prefixed with ?" time="0.002" classname="PhantomJS 1.9.8 (Mac OS X).fssApi FssApiEndpointHelper getQueryParams"/>
    <testcase name="should return undefined if there are no parameters or every parameter is prefixed with either : or ?" time="0.003" classname="PhantomJS 1.9.8 (Mac OS X).fssApi FssApiEndpointHelper getPayload"/>
    <testcase name="should return the action argument that corresponds to the first config parameter with no : or ? prefix" time="0.001" classname="PhantomJS 1.9.8 (Mac OS X).fssApi FssApiEndpointHelper getPayload"/>
    <testcase name="should return the path when there is no additionalPath, path parameters, nor matching action argument to the path parameter" time="0.002" classname="PhantomJS 1.9.8 (Mac OS X).fssApi FssApiEndpointHelper getUrl"/>
    <testcase name="should replace all path parameters with the corresponding action arguments" time="0" classname="PhantomJS 1.9.8 (Mac OS X).fssApi FssApiEndpointHelper getUrl"/>
    <testcase name="should url encode path parameters" time="0.001" classname="PhantomJS 1.9.8 (Mac OS X).fssApi FssApiEndpointHelper getUrl"/>
    <testcase name="should append the additionalPath to the path" time="0.001" classname="PhantomJS 1.9.8 (Mac OS X).fssApi FssApiEndpointHelper getUrl"/>
    <testcase name="should remove any trailing slashes" time="0.001" classname="PhantomJS 1.9.8 (Mac OS X).fssApi FssApiEndpointHelper getUrl"/>
    <testcase name="should resolve the path parameter with the empty string if the corresponding action argument is undefined" time="0.001" classname="PhantomJS 1.9.8 (Mac OS X).fssApi FssApiEndpointHelper getUrl"/>
    <testcase name="should resolve the path parameter with the empty string if the corresponding action argument is null" time="0" classname="PhantomJS 1.9.8 (Mac OS X).fssApi FssApiEndpointHelper getUrl"/>
    <testcase name="should resolve the path parameter with the empty string if the corresponding action argument is an object" time="0" classname="PhantomJS 1.9.8 (Mac OS X).fssApi FssApiEndpointHelper getUrl"/>
    <testcase name="should resolve the path parameter with the empty string if the corresponding action argument is a function" time="0.001" classname="PhantomJS 1.9.8 (Mac OS X).fssApi FssApiEndpointHelper getUrl"/>
    <testcase name="should resolve duplicate path parameters with their corresponding action argument" time="0.002" classname="PhantomJS 1.9.8 (Mac OS X).fssApi FssApiEndpointHelper getUrl"/>
    <testcase name="should resolve multiple path parameters with their corresponding action arguments" time="0.002" classname="PhantomJS 1.9.8 (Mac OS X).fssApi FssApiEndpointHelper getUrl"/>
    <testcase name="should create an http config based on the configuration" time="0.002" classname="PhantomJS 1.9.8 (Mac OS X).fssApi FssApiEndpointHelper getHttpConfig"/>
    <testcase name="should decorate the resource with action methods based on the endpoints" time="0.002" classname="PhantomJS 1.9.8 (Mac OS X).fssApi FssApiResource"/>
    <testcase name="should have an action method that returns the response data if &quot;produced&quot; is not set" time="0.005" classname="PhantomJS 1.9.8 (Mac OS X).fssApi FssApiResource"/>
    <testcase name="should have an action method that returns the produced model type if &quot;produced&quot; is set" time="0.002" classname="PhantomJS 1.9.8 (Mac OS X).fssApi FssApiResource"/>
    <testcase name="should have an action method that returns the response data if the produced model is not found" time="0.001" classname="PhantomJS 1.9.8 (Mac OS X).fssApi FssApiResource"/>
    <testcase name="should have an action method that returns an array of produced models if &quot;produced&quot; is set and &quot;produceArray&quot; is true" time="0.002" classname="PhantomJS 1.9.8 (Mac OS X).fssApi FssApiResource"/>
    <testcase name="should build the api based on resources registered in angular configs" time="0.012" classname="PhantomJS 1.9.8 (Mac OS X).fssApi fssApiProvider"/>
    <system-out><![CDATA[
]]></system-out>
    <system-err/>
  </testsuite>
</testsuites>
